<?xml version="1.0" encoding="UTF-8" ?>
<testsuite errors="0" failures="0" hostname="Muhammads-MacBook-Pro.local" name="qotd.QuoteServiceSpec" tests="1" time="0.063" timestamp="2015-03-07T21:40:23">
  <properties />
  <testcase classname="qotd.QuoteServiceSpec" name="static quote service always return quiche quote" time="0.06" />
  <system-out><![CDATA[--Output from static quote service always return quiche quote--
]]></system-out>
  <system-err><![CDATA[--Output from static quote service always return quiche quote--
]]></system-err>
</testsuite>
