<<<<<<< HEAD
<?xml version="1.0" encoding="UTF-8" ?>
<testsuite errors="0" failures="0" hostname="Muhammads-MacBook-Pro.local" name="qotd.QuoteServiceSpec" tests="1" time="2.423" timestamp="2015-03-03T05:41:52">
  <properties />
  <testcase classname="qotd.QuoteServiceSpec" name="static quote service always return quiche quote" time="2.368" />
  <system-out><![CDATA[--Output from static quote service always return quiche quote--
]]></system-out>
  <system-err><![CDATA[--Output from static quote service always return quiche quote--
]]></system-err>
</testsuite>
=======
<?xml version="1.0" encoding="UTF-8" ?>
<testsuite errors="0" failures="0" hostname="Muhammads-MacBook-Pro.local" name="qotd.QuoteServiceSpec" tests="1" time="0.063" timestamp="2015-03-07T21:40:23">
  <properties />
  <testcase classname="qotd.QuoteServiceSpec" name="static quote service always return quiche quote" time="0.06" />
  <system-out><![CDATA[--Output from static quote service always return quiche quote--
]]></system-out>
  <system-err><![CDATA[--Output from static quote service always return quiche quote--
]]></system-err>
</testsuite>
>>>>>>> ea6ea9a8c896001157aafe8869e19b49e85b3f43
